
> kolabit-backend@1.0.0 dev
> ts-node-dev --respawn --transpile-only src/app.ts

[INFO] 06:45:11 ts-node-dev ver. 2.0.0 (using ts-node ver. 10.9.2, typescript ver. 5.9.2)
🚀 KolabIT API server running on port 5000
📊 Environment: development
🔗 Client URL: http://localhost:3000
prisma:query SELECT COUNT(*) FROM (SELECT "public"."notifications"."id" FROM "public"."notifications" WHERE "public"."notifications"."user_id" = $1 OFFSET $2) AS "sub"
prisma:query SELECT "public"."messages"."id", "public"."messages"."content", "public"."messages"."sender_id", "public"."messages"."recipient_id", "public"."messages"."is_read", "public"."messages"."created_at", "public"."messages"."updated_at" FROM "public"."messages" WHERE (("public"."messages"."sender_id" = $1 AND "public"."messages"."recipient_id" = $2) OR ("public"."messages"."sender_id" = $3 AND "public"."messages"."recipient_id" = $4)) ORDER BY "public"."messages"."created_at" ASC OFFSET $5
prisma:query SELECT "public"."notifications"."id", "public"."notifications"."user_id", "public"."notifications"."type", "public"."notifications"."title", "public"."notifications"."message", "public"."notifications"."is_read", "public"."notifications"."data", "public"."notifications"."created_at" FROM "public"."notifications" WHERE "public"."notifications"."user_id" = $1 ORDER BY "public"."notifications"."created_at" DESC LIMIT $2 OFFSET $3
prisma:query SELECT "public"."users"."id", "public"."users"."first_name", "public"."users"."last_name", "public"."users"."avatar", "public"."users"."is_verified" FROM "public"."users" WHERE "public"."users"."id" IN ($1,$2) OFFSET $3
prisma:query SELECT "public"."users"."id", "public"."users"."first_name", "public"."users"."last_name", "public"."users"."avatar", "public"."users"."is_verified" FROM "public"."users" WHERE "public"."users"."id" IN ($1,$2) OFFSET $3
::1 - - [16/Nov/2025:01:15:43 +0000] "GET /api/messages/87403aa1-687b-4228-9d99-beb7d5246416 HTTP/1.1" 200 - "http://localhost:3000/" "Mozilla/5.0 (X11; Linux x86_64) AppleWebKit/537.36 (KHTML, like Gecko) Chrome/142.0.0.0 Safari/537.36"
::1 - - [16/Nov/2025:01:15:43 +0000] "GET /api/notifications?page=1&limit=50 HTTP/1.1" 200 - "http://localhost:3000/" "Mozilla/5.0 (X11; Linux x86_64) AppleWebKit/537.36 (KHTML, like Gecko) Chrome/142.0.0.0 Safari/537.36"
[INFO] 06:47:01 Restarting: /home/omen/Desktop/Projects/Kolabit-v1/src/services/authService.ts has been modified
🚀 KolabIT API server running on port 5000
📊 Environment: development
🔗 Client URL: http://localhost:3000
[INFO] 06:47:12 Restarting: /home/omen/Desktop/Projects/Kolabit-v1/src/utils/email.ts has been modified
Error: listen EADDRINUSE: address already in use :::5000
    at Server.setupListenHandle [as _listen2] (node:net:1940:16)
    at listenInCluster (node:net:1997:12)
    at Server.listen (node:net:2102:7)
    at Object.<anonymous> (/home/omen/Desktop/Projects/Kolabit-v1/src/app.ts:136:8)
    at Module.<anonymous> (node:internal/modules/cjs/loader:1760:14)
    at Module._compile (/home/omen/Desktop/Projects/Kolabit-v1/node_modules/source-map-support/source-map-support.js:521:25)
    at Module.m._compile (/tmp/ts-node-dev-hook-7060769321637577.js:69:33)
    at node:internal/modules/cjs/loader:1892:10
    at require.extensions..jsx.require.extensions..js (/tmp/ts-node-dev-hook-7060769321637577.js:114:20)
    at require.extensions.<computed> (/tmp/ts-node-dev-hook-7060769321637577.js:71:20)
[ERROR] 06:47:13 Error: listen EADDRINUSE: address already in use :::5000
[INFO] 06:47:47 Restarting: /home/omen/Desktop/Projects/Kolabit-v1/src/utils/email.ts has been modified
🚀 KolabIT API server running on port 5000
📊 Environment: development
🔗 Client URL: http://localhost:3000
[INFO] 07:32:46 Restarting: /home/omen/Desktop/Projects/Kolabit-v1/src/utils/email.ts has been modified
🚀 KolabIT API server running on port 5000
📊 Environment: development
🔗 Client URL: http://localhost:3000
[INFO] 07:32:51 Restarting: /home/omen/Desktop/Projects/Kolabit-v1/src/utils/email.ts has been modified
🚀 KolabIT API server running on port 5000
📊 Environment: development
🔗 Client URL: http://localhost:3000
[INFO] 07:32:55 Restarting: /home/omen/Desktop/Projects/Kolabit-v1/src/utils/email.ts has been modified
Error: listen EADDRINUSE: address already in use :::5000
    at Server.setupListenHandle [as _listen2] (node:net:1940:16)
    at listenInCluster (node:net:1997:12)
    at Server.listen (node:net:2102:7)
    at Object.<anonymous> (/home/omen/Desktop/Projects/Kolabit-v1/src/app.ts:136:8)
    at Module.<anonymous> (node:internal/modules/cjs/loader:1760:14)
    at Module._compile (/home/omen/Desktop/Projects/Kolabit-v1/node_modules/source-map-support/source-map-support.js:521:25)
    at Module.m._compile (/tmp/ts-node-dev-hook-7060769321637577.js:69:33)
    at node:internal/modules/cjs/loader:1892:10
    at require.extensions..jsx.require.extensions..js (/tmp/ts-node-dev-hook-7060769321637577.js:114:20)
    at require.extensions.<computed> (/tmp/ts-node-dev-hook-7060769321637577.js:71:20)
[ERROR] 07:32:56 Error: listen EADDRINUSE: address already in use :::5000
[INFO] 07:33:03 Restarting: /home/omen/Desktop/Projects/Kolabit-v1/src/utils/email.ts has been modified
Error: listen EADDRINUSE: address already in use :::5000
    at Server.setupListenHandle [as _listen2] (node:net:1940:16)
    at listenInCluster (node:net:1997:12)
    at Server.listen (node:net:2102:7)
    at Object.<anonymous> (/home/omen/Desktop/Projects/Kolabit-v1/src/app.ts:136:8)
    at Module.<anonymous> (node:internal/modules/cjs/loader:1760:14)
    at Module._compile (/home/omen/Desktop/Projects/Kolabit-v1/node_modules/source-map-support/source-map-support.js:521:25)
    at Module.m._compile (/tmp/ts-node-dev-hook-7060769321637577.js:69:33)
    at node:internal/modules/cjs/loader:1892:10
    at require.extensions..jsx.require.extensions..js (/tmp/ts-node-dev-hook-7060769321637577.js:114:20)
    at require.extensions.<computed> (/tmp/ts-node-dev-hook-7060769321637577.js:71:20)
[ERROR] 07:33:03 Error: listen EADDRINUSE: address already in use :::5000
